-------------------------------------------------------------------------------
Test set: BonusServiceTest
-------------------------------------------------------------------------------
Tests run: 4, Failures: 1, Errors: 0, Skipped: 0, Time elapsed: 0.118 s <<< FAILURE! - in BonusServiceTest
shouldCalculateForUnRegisteredAndUnderBonus  Time elapsed: 0.028 s  <<< FAILURE!
org.opentest4j.AssertionFailedError: expected: <110> but was: <10>
	at BonusServiceTest.shouldCalculateForUnRegisteredAndUnderBonus(BonusServiceTest.java:50)

